{"level":"info","message":"consultando pagamento: 1","timestamp":"2017-05-30T17:35:55.113Z"}
{"level":"info","message":"::ffff:127.0.0.1 - - [30/May/2017:17:35:55 +0000] \"GET /pagamentos/pagamento/1 HTTP/1.1\" 200 2\n","timestamp":"2017-05-30T17:35:55.202Z"}
{"level":"info","message":"::1 - - [21/Nov/2017:12:38:52 +0000] \"GET /api/kartodromos HTTP/1.1\" 404 154\n","timestamp":"2017-11-21T12:38:52.927Z"}
{"level":"info","message":"::1 - - [21/Nov/2017:12:40:06 +0000] \"GET /kartodromos HTTP/1.1\" 500 71\n","timestamp":"2017-11-21T12:40:06.807Z"}
{"level":"info","message":"::1 - - [21/Nov/2017:12:43:16 +0000] \"GET /kartodromos HTTP/1.1\" 500 2716\n","timestamp":"2017-11-21T12:43:16.781Z"}
{"level":"info","message":"::1 - - [21/Nov/2017:12:43:49 +0000] \"GET /kartodromos HTTP/1.1\" 500 2716\n","timestamp":"2017-11-21T12:43:49.623Z"}
{"level":"info","message":"::1 - - [21/Nov/2017:12:47:00 +0000] \"GET /kartodromos HTTP/1.1\" 200 2\n","timestamp":"2017-11-21T12:47:00.423Z"}
{"level":"info","message":"::1 - - [21/Nov/2017:13:21:38 +0000] \"POST /contatos HTTP/1.1\" 500 67\n","timestamp":"2017-11-21T13:21:38.313Z"}
{"level":"info","message":"::1 - - [21/Nov/2017:13:22:18 +0000] \"POST /contatos HTTP/1.1\" 500 67\n","timestamp":"2017-11-21T13:22:18.588Z"}
{"level":"info","message":"::1 - - [21/Nov/2017:13:22:35 +0000] \"POST /contatos HTTP/1.1\" 500 67\n","timestamp":"2017-11-21T13:22:35.778Z"}
{"level":"info","message":"::1 - - [21/Nov/2017:13:22:54 +0000] \"POST /contatos HTTP/1.1\" 500 67\n","timestamp":"2017-11-21T13:22:54.173Z"}
{"level":"info","message":"::1 - - [21/Nov/2017:13:23:11 +0000] \"POST /contatos HTTP/1.1\" 500 67\n","timestamp":"2017-11-21T13:23:11.148Z"}
{"level":"info","message":"::1 - - [21/Nov/2017:13:23:24 +0000] \"POST /contatos HTTP/1.1\" 500 67\n","timestamp":"2017-11-21T13:23:24.471Z"}
{"level":"info","message":"::1 - - [21/Nov/2017:13:23:42 +0000] \"POST /contatos HTTP/1.1\" 500 67\n","timestamp":"2017-11-21T13:23:42.898Z"}
{"level":"info","message":"::1 - - [21/Nov/2017:13:24:07 +0000] \"POST /contatos HTTP/1.1\" 500 67\n","timestamp":"2017-11-21T13:24:07.964Z"}
{"level":"info","message":"::1 - - [21/Nov/2017:13:24:21 +0000] \"POST /contatos HTTP/1.1\" 500 67\n","timestamp":"2017-11-21T13:24:21.187Z"}
{"level":"info","message":"::1 - - [21/Nov/2017:13:24:33 +0000] \"POST /contatos HTTP/1.1\" 500 67\n","timestamp":"2017-11-21T13:24:33.855Z"}
{"level":"info","message":"::1 - - [21/Nov/2017:14:46:38 +0000] \"POST /contatos HTTP/1.1\" 500 69\n","timestamp":"2017-11-21T14:46:38.059Z"}
{"level":"info","message":"::1 - - [21/Nov/2017:14:46:58 +0000] \"POST /contatos HTTP/1.1\" 500 67\n","timestamp":"2017-11-21T14:46:58.001Z"}
{"level":"info","message":"::1 - - [21/Nov/2017:14:47:25 +0000] \"POST /contatos HTTP/1.1\" 500 69\n","timestamp":"2017-11-21T14:47:25.985Z"}
{"level":"info","message":"::1 - - [21/Nov/2017:14:48:13 +0000] \"POST /contatos HTTP/1.1\" 201 127\n","timestamp":"2017-11-21T14:48:13.886Z"}
{"level":"info","message":"::1 - - [21/Nov/2017:16:00:49 +0000] \"GET /contatos HTTP/1.1\" 200 2\n","timestamp":"2017-11-21T16:00:49.840Z"}
{"level":"info","message":"::1 - - [21/Nov/2017:16:01:22 +0000] \"GET /contatos HTTP/1.1\" 200 2\n","timestamp":"2017-11-21T16:01:22.887Z"}
{"level":"info","message":"::1 - - [21/Nov/2017:16:02:18 +0000] \"GET /contatos HTTP/1.1\" 200 83\n","timestamp":"2017-11-21T16:02:18.450Z"}
{"level":"info","message":"::1 - - [21/Nov/2017:16:10:42 +0000] \"GET /contatos/1 HTTP/1.1\" 200 83\n","timestamp":"2017-11-21T16:10:42.145Z"}
{"level":"info","message":"::1 - - [21/Nov/2017:16:10:46 +0000] \"GET /contatos/2 HTTP/1.1\" 200 2\n","timestamp":"2017-11-21T16:10:46.546Z"}
{"level":"info","message":"::1 - - [21/Nov/2017:16:10:52 +0000] \"GET /contatos/1 HTTP/1.1\" 200 83\n","timestamp":"2017-11-21T16:10:52.493Z"}
{"level":"info","message":"::1 - - [21/Nov/2017:16:29:25 +0000] \"PUT /contatos HTTP/1.1\" 500 2645\n","timestamp":"2017-11-21T16:29:25.747Z"}
{"level":"info","message":"::1 - - [21/Nov/2017:16:30:01 +0000] \"PUT /contatos HTTP/1.1\" 200 82\n","timestamp":"2017-11-21T16:30:01.043Z"}
